

Microchip MPLAB XC8 Assembler V2.20 build 20200408173844 
                                                                                                           Wed Nov  4 16:56:27 2020


     1                           	processor	12F675
     2                           	pagewidth 132
     3                           	psect	code,global,class=CODE,delta=2
     4                           	psect	powerup,global,class=CODE,delta=2
     5                           	psect	reset_vec,global,class=CODE,delta=2
     6                           	psect	maintext,global,class=CODE,delta=2
     7                           	psect	osccal,global,class=CODE,delta=2
     8                           	psect	eeprom_data,global,class=EEDATA,space=3,delta=2,noexec
     9                           	psect	intentry,global,class=CODE,delta=2
    10                           	psect	functab,global,class=ENTRY,delta=2
    11                           	psect	init,global,class=CODE,delta=2
    12                           	psect	cinit,global,class=CODE,delta=2
    13                           	psect	text,global,class=CODE,delta=2
    14                           	psect	end_init,global,class=CODE,delta=2
    15                           	psect	clrtext,global,class=CODE,delta=2
    16                           	psect	strings,global,reloc=256,class=CODE,delta=2
    17                           	psect	stack,global,class=STACK,space=2,delta=1,noexec
    18                           	psect	bank0,global,class=BANK0,space=1,delta=1
    19                           	psect	bank1,global,class=BANK1,space=1,delta=1
    20                           	psect	ram,global,class=RAM,space=1,delta=1
    21                           	psect	abs1,global,class=ABS1,space=1,delta=1
    22                           	psect	common,global,class=COMMON,space=1,delta=1
    23                           	psect	sfr0,global,class=SFR0,space=1,delta=1
    24                           	psect	sfr1,global,class=SFR1,space=1,delta=1
    25                           
    26                           	psect	reset_vec
    27  0000                     reset_vec:
    28                           
    29                           	psect	maintext
    30                           
    31                           ; Microchip MPLAB XC8 C Compiler V2.20
    32                           ; Copyright (C) 2020 Microchip Technology Inc.
    33                           ; Auto-generated runtime startup code for final link stage.
    34                           ;
    35                           ; Compiler options:
    36                           ;
    37                           ; source/main.c --outdir=dist
    38                           ;
    39  0000                     C	set	0
    40  0002                     Z	set	2
    41  0002                     PCL	set	2
    42  0000                     INDF	set	0
    43  0090                     
    44                           	psect	osccal
    45  03FF                     ___osccal_val:
    46                           
    47                           ;oscillator constant would be pre-programmed here
    48  000A                     
    49                           	psect	functab
    50  0000                     intlevel0:
    51  0000                     intlevel1:
    52  0000                     intlevel2:
    53  0000                     intlevel3:
    54  0000                     intlevel4:
    55  0000                     intlevel5:
    56                           
    57                           	psect	init
    58  0000                     start:	
    59                           ; No powerup routine
    60                           ; No interrupt routine
    61                           
    62                           
    63                           	psect	end_init
    64  0000  1683               	bsf	3,5	;select bank 1
    65  0001  23FF               	fcall	___osccal_val
    66  0002  0090               	movwf	16
    67  0003  1283               	bcf	3,5	;select bank 0
    68  0004  2BF3               	ljmp	start_initialization	;jump to C runtime clear & initialization
    69                           
    70                           	psect	clrtext
    71  0004                     FSR	set	4
    72                           
    73                           	psect	strings
    74  0000                     
    75                           	psect	stack
    76  0000                     ___sp:
    77  0000                     ___int_sp:


Microchip Technology PIC Macro Assembler V2.20 build 20200408173844 
Symbol Table                                                                                               Wed Nov  4 16:56:27 2020

               ___sp 0000                 _main 02E6                 start 0000                STATUS 0003  
       ___osccal_val 03FF  start_initialization 03F3            ___stackhi 0000            ___stacklo 0000  
           ___int_sp 0000             intlevel0 0000             intlevel1 0000             intlevel2 0000  
           intlevel3 0000             intlevel4 0000             intlevel5 0000             reset_vec 0000  
